<?xml version="1.0" encoding="utf-8"?><testsuites name="pytest tests"><testsuite name="pytest" errors="0" failures="1" skipped="0" tests="15" time="4.024" timestamp="2026-09-14T09:54:19.879493+00:00" hostname="agent-env-61ea25a0-d59f-464f-8c71-97a9fceca93e"><testcase classname="tests.test_eams_api" name="test_login_invalid" time="0.511" /><testcase classname="tests.test_eams_api" name="test_me" time="0.505" /><testcase classname="tests.test_eams_api" name="test_me_no_auth" time="0.125" /><testcase classname="tests.test_eams_api" name="test_brand_get_and_update" time="0.204" /><testcase classname="tests.test_eams_api" name="test_kpis" time="0.078" /><testcase classname="tests.test_eams_api" name="test_objects_seeded" time="0.072" /><testcase classname="tests.test_eams_api" name="test_objects_filter_business" time="0.094" /><testcase classname="tests.test_eams_api" name="test_object_crud_and_cascade" time="0.569" /><testcase classname="tests.test_eams_api" name="test_traceability_forward_from_cap01" time="0.134"><failure message="AssertionError: assert 'application' in {'business'}">backend/tests/test_eams_api.py:133: in test_traceability_forward_from_cap01
    assert "application" in domains
E   AssertionError: assert 'application' in {'business'}</failure></testcase><testcase classname="tests.test_eams_api" name="test_impact_grouping" time="0.147" /><testcase classname="tests.test_eams_api" name="test_search" time="0.067" /><testcase classname="tests.test_eams_api" name="test_adr_crud" time="0.206" /><testcase classname="tests.test_eams_api" name="test_standard_crud" time="0.211" /><testcase classname="tests.test_eams_api" name="test_risk_crud" time="0.217" /><testcase classname="tests.test_eams_api" name="test_review_crud_and_stage" time="0.278" /></testsuite></testsuites>