<?xml version="1.0" encoding="utf-8"?><testsuites name="pytest tests"><testsuite name="pytest" errors="0" failures="0" skipped="0" tests="15" time="4.513" timestamp="2026-09-14T21:27:38.493037+00:00" hostname="agent-env-61ea25a0-d59f-464f-8c71-97a9fceca93e"><testcase classname="tests.test_eams_api" name="test_login_invalid" time="0.476" /><testcase classname="tests.test_eams_api" name="test_me" time="0.558" /><testcase classname="tests.test_eams_api" name="test_me_no_auth" time="0.166" /><testcase classname="tests.test_eams_api" name="test_brand_get_and_update" time="0.279" /><testcase classname="tests.test_eams_api" name="test_kpis" time="0.098" /><testcase classname="tests.test_eams_api" name="test_objects_seeded" time="0.081" /><testcase classname="tests.test_eams_api" name="test_objects_filter_business" time="0.095" /><testcase classname="tests.test_eams_api" name="test_object_crud_and_cascade" time="0.721" /><testcase classname="tests.test_eams_api" name="test_traceability_forward_from_cap01" time="0.166" /><testcase classname="tests.test_eams_api" name="test_impact_grouping" time="0.174" /><testcase classname="tests.test_eams_api" name="test_search" time="0.093" /><testcase classname="tests.test_eams_api" name="test_adr_crud" time="0.238" /><testcase classname="tests.test_eams_api" name="test_standard_crud" time="0.251" /><testcase classname="tests.test_eams_api" name="test_risk_crud" time="0.262" /><testcase classname="tests.test_eams_api" name="test_review_crud_and_stage" time="0.337" /></testsuite></testsuites>